<?xml version="1.0" encoding="UTF-8"?>
<testng-results ignored="0" total="1" passed="1" failed="0" skipped="0">
  <reporter-output>
  </reporter-output>
  <suite started-at="2021-02-18T14:14:19 CET" name="com.qa.test1.Test1" finished-at="2021-02-18T14:15:02 CET" duration-ms="42826">
    <groups>
    </groups>
    <test started-at="2021-02-18T14:14:19 CET" name="Command line test" finished-at="2021-02-18T14:15:02 CET" duration-ms="42826">
      <class name="com.qa.test1.Test1">
        <test-method signature="testPage()[pri:0, instance:com.qa.test1.Test1@70e8f8e]" started-at="2021-02-18T14:14:19 CET" name="testPage" finished-at="2021-02-18T14:15:01 CET" duration-ms="42756" status="PASS">
          <reporter-output>
          </reporter-output>
        </test-method> <!-- testPage -->
      </class> <!-- com.qa.test1.Test1 -->
    </test> <!-- Command line test -->
  </suite> <!-- com.qa.test1.Test1 -->
</testng-results>
